# Logfile created on 2014-03-19 17:38:08 -0700 by logger.rb/41954
I, [2014-03-19T17:38:08.264544 #1565]  INFO -- : 0:  coffee-script-source (1.7.0) from /Users/cpolis/.rvm/rubies/ruby-2.0.0-p353/lib/ruby/gems/2.0.0/specifications/coffee-script-source-1.7.0.gemspec
I, [2014-03-19T17:38:08.265025 #1565]  INFO -- : 0:  execjs (2.0.2) from /Users/cpolis/.rvm/rubies/ruby-2.0.0-p353/lib/ruby/gems/2.0.0/specifications/execjs-2.0.2.gemspec
I, [2014-03-19T17:38:08.265359 #1565]  INFO -- : 0:  coffee-script (2.2.0) from /Users/cpolis/.rvm/rubies/ruby-2.0.0-p353/lib/ruby/gems/2.0.0/specifications/coffee-script-2.2.0.gemspec
I, [2014-03-19T17:38:08.265682 #1565]  INFO -- : 0:  rack (1.5.2) from /Users/cpolis/.rvm/rubies/ruby-2.0.0-p353/lib/ruby/gems/2.0.0/specifications/rack-1.5.2.gemspec
I, [2014-03-19T17:38:08.931864 #1565]  INFO -- : 0:  rack-coffee (1.0.2) from /Users/cpolis/.rvm/rubies/ruby-2.0.0-p353/lib/ruby/gems/2.0.0/specifications/rack-coffee-1.0.2.gemspec
I, [2014-03-19T17:38:09.501875 #1565]  INFO -- : 0:  rack-protection (1.5.2) from /Users/cpolis/.rvm/rubies/ruby-2.0.0-p353/lib/ruby/gems/2.0.0/specifications/rack-protection-1.5.2.gemspec
I, [2014-03-19T17:38:10.510725 #1565]  INFO -- : 0:  sass (3.3.3) from /Users/cpolis/.rvm/rubies/ruby-2.0.0-p353/lib/ruby/gems/2.0.0/specifications/sass-3.3.3.gemspec
I, [2014-03-19T17:38:10.511177 #1565]  INFO -- : 0:  tilt (1.4.1) from /Users/cpolis/.rvm/rubies/ruby-2.0.0-p353/lib/ruby/gems/2.0.0/specifications/tilt-1.4.1.gemspec
I, [2014-03-19T17:38:11.668441 #1565]  INFO -- : 0:  sinatra (1.4.4) from /Users/cpolis/.rvm/rubies/ruby-2.0.0-p353/lib/ruby/gems/2.0.0/specifications/sinatra-1.4.4.gemspec
I, [2014-03-19T17:38:11.669033 #1565]  INFO -- : 0:  bundler (1.5.1) from /Users/cpolis/.rvm/rubies/ruby-2.0.0-p353/lib/ruby/gems/2.0.0/specifications/bundler-1.5.1.gemspec
I, [2014-03-19T17:40:56.222415 #1790]  INFO -- : 0:  i18n (0.6.9) from /Users/cpolis/.rvm/rubies/ruby-2.0.0-p353/lib/ruby/gems/2.0.0/specifications/i18n-0.6.9.gemspec
I, [2014-03-19T17:40:56.222961 #1790]  INFO -- : 0:  minitest (4.7.5) from /Users/cpolis/.rvm/rubies/ruby-2.0.0-p353/lib/ruby/gems/2.0.0/specifications/minitest-4.7.5.gemspec
I, [2014-03-19T17:40:57.031838 #1790]  INFO -- : 0:  multi_json (1.9.2) from /Users/cpolis/.rvm/rubies/ruby-2.0.0-p353/lib/ruby/gems/2.0.0/specifications/multi_json-1.9.2.gemspec
I, [2014-03-19T17:40:58.340722 #1790]  INFO -- : 0:  atomic (1.1.16) from /Users/cpolis/.rvm/rubies/ruby-2.0.0-p353/lib/ruby/gems/2.0.0/specifications/atomic-1.1.16.gemspec
I, [2014-03-19T17:40:58.342115 #1790]  INFO -- : 0:  thread_safe (0.1.3) from /Users/cpolis/.rvm/rubies/ruby-2.0.0-p353/lib/ruby/gems/2.0.0/specifications/thread_safe-0.1.3.gemspec
I, [2014-03-19T17:40:59.976261 #1790]  INFO -- : 0:  tzinfo (0.3.39) from /Users/cpolis/.rvm/rubies/ruby-2.0.0-p353/lib/ruby/gems/2.0.0/specifications/tzinfo-0.3.39.gemspec
I, [2014-03-19T17:41:00.995709 #1790]  INFO -- : 0:  activesupport (4.0.4) from /Users/cpolis/.rvm/rubies/ruby-2.0.0-p353/lib/ruby/gems/2.0.0/specifications/activesupport-4.0.4.gemspec
I, [2014-03-19T17:41:01.629479 #1790]  INFO -- : 0:  descendants_tracker (0.0.3) from /Users/cpolis/.rvm/rubies/ruby-2.0.0-p353/lib/ruby/gems/2.0.0/specifications/descendants_tracker-0.0.3.gemspec
I, [2014-03-19T17:41:02.029973 #1790]  INFO -- : 0:  ice_nine (0.11.0) from /Users/cpolis/.rvm/rubies/ruby-2.0.0-p353/lib/ruby/gems/2.0.0/specifications/ice_nine-0.11.0.gemspec
I, [2014-03-19T17:41:03.081813 #1790]  INFO -- : 0:  axiom-types (0.1.0) from /Users/cpolis/.rvm/rubies/ruby-2.0.0-p353/lib/ruby/gems/2.0.0/specifications/axiom-types-0.1.0.gemspec
I, [2014-03-19T17:41:03.509513 #1790]  INFO -- : 0:  builder (3.2.2) from /Users/cpolis/.rvm/rubies/ruby-2.0.0-p353/lib/ruby/gems/2.0.0/specifications/builder-3.2.2.gemspec
I, [2014-03-19T17:41:03.955789 #1790]  INFO -- : 0:  coercible (1.0.0) from /Users/cpolis/.rvm/rubies/ruby-2.0.0-p353/lib/ruby/gems/2.0.0/specifications/coercible-1.0.0.gemspec
I, [2014-03-19T17:41:03.956504 #1790]  INFO -- : 0:  coffee-script-source (1.7.0) from /Users/cpolis/.rvm/rubies/ruby-2.0.0-p353/lib/ruby/gems/2.0.0/specifications/coffee-script-source-1.7.0.gemspec
I, [2014-03-19T17:41:03.957072 #1790]  INFO -- : 0:  execjs (2.0.2) from /Users/cpolis/.rvm/rubies/ruby-2.0.0-p353/lib/ruby/gems/2.0.0/specifications/execjs-2.0.2.gemspec
I, [2014-03-19T17:41:03.957612 #1790]  INFO -- : 0:  coffee-script (2.2.0) from /Users/cpolis/.rvm/rubies/ruby-2.0.0-p353/lib/ruby/gems/2.0.0/specifications/coffee-script-2.2.0.gemspec
I, [2014-03-19T17:41:04.320016 #1790]  INFO -- : 0:  equalizer (0.0.9) from /Users/cpolis/.rvm/rubies/ruby-2.0.0-p353/lib/ruby/gems/2.0.0/specifications/equalizer-0.0.9.gemspec
I, [2014-03-19T17:41:04.320827 #1790]  INFO -- : 0:  hashie (2.0.5) from /Users/cpolis/.rvm/rubies/ruby-2.0.0-p353/lib/ruby/gems/2.0.0/specifications/hashie-2.0.5.gemspec
I, [2014-03-19T17:41:04.743972 #1790]  INFO -- : 0:  multi_xml (0.5.5) from /Users/cpolis/.rvm/rubies/ruby-2.0.0-p353/lib/ruby/gems/2.0.0/specifications/multi_xml-0.5.5.gemspec
I, [2014-03-19T17:41:04.744672 #1790]  INFO -- : 0:  rack (1.5.2) from /Users/cpolis/.rvm/rubies/ruby-2.0.0-p353/lib/ruby/gems/2.0.0/specifications/rack-1.5.2.gemspec
I, [2014-03-19T17:41:05.160560 #1790]  INFO -- : 0:  rack-accept (0.4.5) from /Users/cpolis/.rvm/rubies/ruby-2.0.0-p353/lib/ruby/gems/2.0.0/specifications/rack-accept-0.4.5.gemspec
I, [2014-03-19T17:41:05.540723 #1790]  INFO -- : 0:  rack-mount (0.8.3) from /Users/cpolis/.rvm/rubies/ruby-2.0.0-p353/lib/ruby/gems/2.0.0/specifications/rack-mount-0.8.3.gemspec
I, [2014-03-19T17:41:06.555081 #1790]  INFO -- : 0:  virtus (1.0.2) from /Users/cpolis/.rvm/rubies/ruby-2.0.0-p353/lib/ruby/gems/2.0.0/specifications/virtus-1.0.2.gemspec
I, [2014-03-19T17:41:07.218089 #1790]  INFO -- : 0:  grape (0.6.1) from /Users/cpolis/.rvm/rubies/ruby-2.0.0-p353/lib/ruby/gems/2.0.0/specifications/grape-0.6.1.gemspec
I, [2014-03-19T17:41:07.218637 #1790]  INFO -- : 0:  rack-coffee (1.0.2) from /Users/cpolis/.rvm/rubies/ruby-2.0.0-p353/lib/ruby/gems/2.0.0/specifications/rack-coffee-1.0.2.gemspec
I, [2014-03-19T17:41:07.219199 #1790]  INFO -- : 0:  rack-protection (1.5.2) from /Users/cpolis/.rvm/rubies/ruby-2.0.0-p353/lib/ruby/gems/2.0.0/specifications/rack-protection-1.5.2.gemspec
I, [2014-03-19T17:41:07.219786 #1790]  INFO -- : 0:  sass (3.3.3) from /Users/cpolis/.rvm/rubies/ruby-2.0.0-p353/lib/ruby/gems/2.0.0/specifications/sass-3.3.3.gemspec
I, [2014-03-19T17:41:07.220343 #1790]  INFO -- : 0:  tilt (1.4.1) from /Users/cpolis/.rvm/rubies/ruby-2.0.0-p353/lib/ruby/gems/2.0.0/specifications/tilt-1.4.1.gemspec
I, [2014-03-19T17:41:07.220896 #1790]  INFO -- : 0:  sinatra (1.4.4) from /Users/cpolis/.rvm/rubies/ruby-2.0.0-p353/lib/ruby/gems/2.0.0/specifications/sinatra-1.4.4.gemspec
I, [2014-03-19T17:41:07.221362 #1790]  INFO -- : 0:  bundler (1.5.1) from /Users/cpolis/.rvm/rubies/ruby-2.0.0-p353/lib/ruby/gems/2.0.0/specifications/bundler-1.5.1.gemspec
I, [2014-03-19T17:44:40.513097 #2376]  INFO -- : 0:  i18n (0.6.9) from /Users/cpolis/.rvm/rubies/ruby-2.0.0-p353/lib/ruby/gems/2.0.0/specifications/i18n-0.6.9.gemspec
I, [2014-03-19T17:44:40.513579 #2376]  INFO -- : 0:  minitest (4.7.5) from /Users/cpolis/.rvm/rubies/ruby-2.0.0-p353/lib/ruby/gems/2.0.0/specifications/minitest-4.7.5.gemspec
I, [2014-03-19T17:44:40.513916 #2376]  INFO -- : 0:  multi_json (1.9.2) from /Users/cpolis/.rvm/rubies/ruby-2.0.0-p353/lib/ruby/gems/2.0.0/specifications/multi_json-1.9.2.gemspec
I, [2014-03-19T17:44:40.514252 #2376]  INFO -- : 0:  atomic (1.1.16) from /Users/cpolis/.rvm/rubies/ruby-2.0.0-p353/lib/ruby/gems/2.0.0/specifications/atomic-1.1.16.gemspec
I, [2014-03-19T17:44:40.521580 #2376]  INFO -- : 0:  thread_safe (0.1.3) from /Users/cpolis/.rvm/rubies/ruby-2.0.0-p353/lib/ruby/gems/2.0.0/specifications/thread_safe-0.1.3.gemspec
I, [2014-03-19T17:44:40.521935 #2376]  INFO -- : 0:  tzinfo (0.3.39) from /Users/cpolis/.rvm/rubies/ruby-2.0.0-p353/lib/ruby/gems/2.0.0/specifications/tzinfo-0.3.39.gemspec
I, [2014-03-19T17:44:40.522281 #2376]  INFO -- : 0:  activesupport (4.0.4) from /Users/cpolis/.rvm/rubies/ruby-2.0.0-p353/lib/ruby/gems/2.0.0/specifications/activesupport-4.0.4.gemspec
I, [2014-03-19T17:44:40.522608 #2376]  INFO -- : 0:  descendants_tracker (0.0.3) from /Users/cpolis/.rvm/rubies/ruby-2.0.0-p353/lib/ruby/gems/2.0.0/specifications/descendants_tracker-0.0.3.gemspec
I, [2014-03-19T17:44:40.522932 #2376]  INFO -- : 0:  ice_nine (0.11.0) from /Users/cpolis/.rvm/rubies/ruby-2.0.0-p353/lib/ruby/gems/2.0.0/specifications/ice_nine-0.11.0.gemspec
I, [2014-03-19T17:44:40.523228 #2376]  INFO -- : 0:  axiom-types (0.1.0) from /Users/cpolis/.rvm/rubies/ruby-2.0.0-p353/lib/ruby/gems/2.0.0/specifications/axiom-types-0.1.0.gemspec
I, [2014-03-19T17:44:40.523522 #2376]  INFO -- : 0:  builder (3.2.2) from /Users/cpolis/.rvm/rubies/ruby-2.0.0-p353/lib/ruby/gems/2.0.0/specifications/builder-3.2.2.gemspec
I, [2014-03-19T17:44:40.523799 #2376]  INFO -- : 0:  coercible (1.0.0) from /Users/cpolis/.rvm/rubies/ruby-2.0.0-p353/lib/ruby/gems/2.0.0/specifications/coercible-1.0.0.gemspec
I, [2014-03-19T17:44:40.524093 #2376]  INFO -- : 0:  coffee-script-source (1.7.0) from /Users/cpolis/.rvm/rubies/ruby-2.0.0-p353/lib/ruby/gems/2.0.0/specifications/coffee-script-source-1.7.0.gemspec
I, [2014-03-19T17:44:40.524423 #2376]  INFO -- : 0:  execjs (2.0.2) from /Users/cpolis/.rvm/rubies/ruby-2.0.0-p353/lib/ruby/gems/2.0.0/specifications/execjs-2.0.2.gemspec
I, [2014-03-19T17:44:40.524710 #2376]  INFO -- : 0:  coffee-script (2.2.0) from /Users/cpolis/.rvm/rubies/ruby-2.0.0-p353/lib/ruby/gems/2.0.0/specifications/coffee-script-2.2.0.gemspec
I, [2014-03-19T17:44:40.524994 #2376]  INFO -- : 0:  equalizer (0.0.9) from /Users/cpolis/.rvm/rubies/ruby-2.0.0-p353/lib/ruby/gems/2.0.0/specifications/equalizer-0.0.9.gemspec
I, [2014-03-19T17:44:40.525259 #2376]  INFO -- : 0:  hashie (2.0.5) from /Users/cpolis/.rvm/rubies/ruby-2.0.0-p353/lib/ruby/gems/2.0.0/specifications/hashie-2.0.5.gemspec
I, [2014-03-19T17:44:40.525540 #2376]  INFO -- : 0:  multi_xml (0.5.5) from /Users/cpolis/.rvm/rubies/ruby-2.0.0-p353/lib/ruby/gems/2.0.0/specifications/multi_xml-0.5.5.gemspec
I, [2014-03-19T17:44:40.525925 #2376]  INFO -- : 0:  rack (1.5.2) from /Users/cpolis/.rvm/rubies/ruby-2.0.0-p353/lib/ruby/gems/2.0.0/specifications/rack-1.5.2.gemspec
I, [2014-03-19T17:44:40.526329 #2376]  INFO -- : 0:  rack-accept (0.4.5) from /Users/cpolis/.rvm/rubies/ruby-2.0.0-p353/lib/ruby/gems/2.0.0/specifications/rack-accept-0.4.5.gemspec
I, [2014-03-19T17:44:40.526703 #2376]  INFO -- : 0:  rack-mount (0.8.3) from /Users/cpolis/.rvm/rubies/ruby-2.0.0-p353/lib/ruby/gems/2.0.0/specifications/rack-mount-0.8.3.gemspec
I, [2014-03-19T17:44:40.527081 #2376]  INFO -- : 0:  virtus (1.0.2) from /Users/cpolis/.rvm/rubies/ruby-2.0.0-p353/lib/ruby/gems/2.0.0/specifications/virtus-1.0.2.gemspec
I, [2014-03-19T17:44:40.527450 #2376]  INFO -- : 0:  grape (0.6.1) from /Users/cpolis/.rvm/rubies/ruby-2.0.0-p353/lib/ruby/gems/2.0.0/specifications/grape-0.6.1.gemspec
I, [2014-03-19T17:44:40.527816 #2376]  INFO -- : 0:  tilt (1.4.1) from /Users/cpolis/.rvm/rubies/ruby-2.0.0-p353/lib/ruby/gems/2.0.0/specifications/tilt-1.4.1.gemspec
I, [2014-03-19T17:44:40.528183 #2376]  INFO -- : 0:  haml (4.0.4) from /Users/cpolis/.rvm/rubies/ruby-2.0.0-p353/lib/ruby/gems/2.0.0/specifications/haml-4.0.4.gemspec
I, [2014-03-19T17:44:40.528591 #2376]  INFO -- : 0:  rack-coffee (1.0.2) from /Users/cpolis/.rvm/rubies/ruby-2.0.0-p353/lib/ruby/gems/2.0.0/specifications/rack-coffee-1.0.2.gemspec
I, [2014-03-19T17:44:40.528961 #2376]  INFO -- : 0:  rack-protection (1.5.2) from /Users/cpolis/.rvm/rubies/ruby-2.0.0-p353/lib/ruby/gems/2.0.0/specifications/rack-protection-1.5.2.gemspec
I, [2014-03-19T17:44:40.529333 #2376]  INFO -- : 0:  sass (3.3.3) from /Users/cpolis/.rvm/rubies/ruby-2.0.0-p353/lib/ruby/gems/2.0.0/specifications/sass-3.3.3.gemspec
I, [2014-03-19T17:44:40.530095 #2376]  INFO -- : 0:  sinatra (1.4.4) from /Users/cpolis/.rvm/rubies/ruby-2.0.0-p353/lib/ruby/gems/2.0.0/specifications/sinatra-1.4.4.gemspec
I, [2014-03-19T17:44:40.530391 #2376]  INFO -- : 0:  bundler (1.5.1) from /Users/cpolis/.rvm/rubies/ruby-2.0.0-p353/lib/ruby/gems/2.0.0/specifications/bundler-1.5.1.gemspec
I, [2014-03-19T18:51:03.496848 #8998]  INFO -- : 0:  i18n (0.6.9) from /Users/cpolis/.rvm/rubies/ruby-2.0.0-p353/lib/ruby/gems/2.0.0/specifications/i18n-0.6.9.gemspec
I, [2014-03-19T18:51:03.499498 #8998]  INFO -- : 0:  minitest (4.7.5) from /Users/cpolis/.rvm/rubies/ruby-2.0.0-p353/lib/ruby/gems/2.0.0/specifications/minitest-4.7.5.gemspec
I, [2014-03-19T18:51:03.499857 #8998]  INFO -- : 0:  multi_json (1.9.2) from /Users/cpolis/.rvm/rubies/ruby-2.0.0-p353/lib/ruby/gems/2.0.0/specifications/multi_json-1.9.2.gemspec
I, [2014-03-19T18:51:03.500240 #8998]  INFO -- : 0:  atomic (1.1.16) from /Users/cpolis/.rvm/rubies/ruby-2.0.0-p353/lib/ruby/gems/2.0.0/specifications/atomic-1.1.16.gemspec
I, [2014-03-19T18:51:03.500656 #8998]  INFO -- : 0:  thread_safe (0.1.3) from /Users/cpolis/.rvm/rubies/ruby-2.0.0-p353/lib/ruby/gems/2.0.0/specifications/thread_safe-0.1.3.gemspec
I, [2014-03-19T18:51:03.500987 #8998]  INFO -- : 0:  tzinfo (0.3.39) from /Users/cpolis/.rvm/rubies/ruby-2.0.0-p353/lib/ruby/gems/2.0.0/specifications/tzinfo-0.3.39.gemspec
I, [2014-03-19T18:51:03.501312 #8998]  INFO -- : 0:  activesupport (4.0.4) from /Users/cpolis/.rvm/rubies/ruby-2.0.0-p353/lib/ruby/gems/2.0.0/specifications/activesupport-4.0.4.gemspec
I, [2014-03-19T18:51:03.501601 #8998]  INFO -- : 0:  descendants_tracker (0.0.3) from /Users/cpolis/.rvm/rubies/ruby-2.0.0-p353/lib/ruby/gems/2.0.0/specifications/descendants_tracker-0.0.3.gemspec
I, [2014-03-19T18:51:03.501964 #8998]  INFO -- : 0:  ice_nine (0.11.0) from /Users/cpolis/.rvm/rubies/ruby-2.0.0-p353/lib/ruby/gems/2.0.0/specifications/ice_nine-0.11.0.gemspec
I, [2014-03-19T18:51:03.502253 #8998]  INFO -- : 0:  axiom-types (0.1.0) from /Users/cpolis/.rvm/rubies/ruby-2.0.0-p353/lib/ruby/gems/2.0.0/specifications/axiom-types-0.1.0.gemspec
I, [2014-03-19T18:51:03.502539 #8998]  INFO -- : 0:  builder (3.2.2) from /Users/cpolis/.rvm/rubies/ruby-2.0.0-p353/lib/ruby/gems/2.0.0/specifications/builder-3.2.2.gemspec
I, [2014-03-19T18:51:03.502917 #8998]  INFO -- : 0:  coercible (1.0.0) from /Users/cpolis/.rvm/rubies/ruby-2.0.0-p353/lib/ruby/gems/2.0.0/specifications/coercible-1.0.0.gemspec
I, [2014-03-19T18:51:03.503211 #8998]  INFO -- : 0:  coffee-script-source (1.7.0) from /Users/cpolis/.rvm/rubies/ruby-2.0.0-p353/lib/ruby/gems/2.0.0/specifications/coffee-script-source-1.7.0.gemspec
I, [2014-03-19T18:51:03.503662 #8998]  INFO -- : 0:  execjs (2.0.2) from /Users/cpolis/.rvm/rubies/ruby-2.0.0-p353/lib/ruby/gems/2.0.0/specifications/execjs-2.0.2.gemspec
I, [2014-03-19T18:51:03.504160 #8998]  INFO -- : 0:  coffee-script (2.2.0) from /Users/cpolis/.rvm/rubies/ruby-2.0.0-p353/lib/ruby/gems/2.0.0/specifications/coffee-script-2.2.0.gemspec
I, [2014-03-19T18:51:03.504701 #8998]  INFO -- : 0:  equalizer (0.0.9) from /Users/cpolis/.rvm/rubies/ruby-2.0.0-p353/lib/ruby/gems/2.0.0/specifications/equalizer-0.0.9.gemspec
I, [2014-03-19T18:51:03.505278 #8998]  INFO -- : 0:  hashie (2.0.5) from /Users/cpolis/.rvm/rubies/ruby-2.0.0-p353/lib/ruby/gems/2.0.0/specifications/hashie-2.0.5.gemspec
I, [2014-03-19T18:51:03.505913 #8998]  INFO -- : 0:  multi_xml (0.5.5) from /Users/cpolis/.rvm/rubies/ruby-2.0.0-p353/lib/ruby/gems/2.0.0/specifications/multi_xml-0.5.5.gemspec
I, [2014-03-19T18:51:03.506499 #8998]  INFO -- : 0:  rack (1.5.2) from /Users/cpolis/.rvm/rubies/ruby-2.0.0-p353/lib/ruby/gems/2.0.0/specifications/rack-1.5.2.gemspec
I, [2014-03-19T18:51:03.507046 #8998]  INFO -- : 0:  rack-accept (0.4.5) from /Users/cpolis/.rvm/rubies/ruby-2.0.0-p353/lib/ruby/gems/2.0.0/specifications/rack-accept-0.4.5.gemspec
I, [2014-03-19T18:51:03.507568 #8998]  INFO -- : 0:  rack-mount (0.8.3) from /Users/cpolis/.rvm/rubies/ruby-2.0.0-p353/lib/ruby/gems/2.0.0/specifications/rack-mount-0.8.3.gemspec
I, [2014-03-19T18:51:03.508041 #8998]  INFO -- : 0:  virtus (1.0.2) from /Users/cpolis/.rvm/rubies/ruby-2.0.0-p353/lib/ruby/gems/2.0.0/specifications/virtus-1.0.2.gemspec
I, [2014-03-19T18:51:03.508676 #8998]  INFO -- : 0:  grape (0.6.1) from /Users/cpolis/.rvm/rubies/ruby-2.0.0-p353/lib/ruby/gems/2.0.0/specifications/grape-0.6.1.gemspec
I, [2014-03-19T18:51:03.509258 #8998]  INFO -- : 0:  tilt (1.4.1) from /Users/cpolis/.rvm/rubies/ruby-2.0.0-p353/lib/ruby/gems/2.0.0/specifications/tilt-1.4.1.gemspec
I, [2014-03-19T18:51:03.509741 #8998]  INFO -- : 0:  haml (4.0.4) from /Users/cpolis/.rvm/rubies/ruby-2.0.0-p353/lib/ruby/gems/2.0.0/specifications/haml-4.0.4.gemspec
I, [2014-03-19T18:51:03.510386 #8998]  INFO -- : 0:  json (1.8.1) from /Users/cpolis/.rvm/rubies/ruby-2.0.0-p353/lib/ruby/gems/2.0.0/specifications/json-1.8.1.gemspec
I, [2014-03-19T18:51:03.510913 #8998]  INFO -- : 0:  rack-coffee (1.0.2) from /Users/cpolis/.rvm/rubies/ruby-2.0.0-p353/lib/ruby/gems/2.0.0/specifications/rack-coffee-1.0.2.gemspec
I, [2014-03-19T18:51:03.511411 #8998]  INFO -- : 0:  rack-protection (1.5.2) from /Users/cpolis/.rvm/rubies/ruby-2.0.0-p353/lib/ruby/gems/2.0.0/specifications/rack-protection-1.5.2.gemspec
I, [2014-03-19T18:51:03.511901 #8998]  INFO -- : 0:  sass (3.3.3) from /Users/cpolis/.rvm/rubies/ruby-2.0.0-p353/lib/ruby/gems/2.0.0/specifications/sass-3.3.3.gemspec
I, [2014-03-19T18:51:03.512392 #8998]  INFO -- : 0:  sinatra (1.4.4) from /Users/cpolis/.rvm/rubies/ruby-2.0.0-p353/lib/ruby/gems/2.0.0/specifications/sinatra-1.4.4.gemspec
I, [2014-03-19T18:51:03.512826 #8998]  INFO -- : 0:  bundler (1.5.1) from /Users/cpolis/.rvm/rubies/ruby-2.0.0-p353/lib/ruby/gems/2.0.0/specifications/bundler-1.5.1.gemspec
